ERROR - 2025-06-06 04:25:38 --> mysqli_sql_exception: Unknown column 'created_at' in 'order clause' in C:\xampp\htdocs\Lab7Web\system\Database\MySQLi\Connection.php:327
Stack trace:
#0 C:\xampp\htdocs\Lab7Web\system\Database\MySQLi\Connection.php(327): mysqli->query('SELECT *\nFROM `...', 0)
#1 C:\xampp\htdocs\Lab7Web\system\Database\BaseConnection.php(738): CodeIgniter\Database\MySQLi\Connection->execute('SELECT *\nFROM `...')
#2 C:\xampp\htdocs\Lab7Web\system\Database\BaseConnection.php(652): CodeIgniter\Database\BaseConnection->simpleQuery('SELECT *\nFROM `...')
#3 C:\xampp\htdocs\Lab7Web\system\Database\BaseBuilder.php(1649): CodeIgniter\Database\BaseConnection->query('SELECT *\nFROM `...', Array, false)
#4 C:\xampp\htdocs\Lab7Web\system\Model.php(286): CodeIgniter\Database\BaseBuilder->get()
#5 C:\xampp\htdocs\Lab7Web\system\BaseModel.php(675): CodeIgniter\Model->doFindAll(0, 0)
#6 C:\xampp\htdocs\Lab7Web\app\Cells\ArtikelTerkini.php(12): CodeIgniter\BaseModel->findAll()
#7 C:\xampp\htdocs\Lab7Web\system\View\Cell.php(283): App\Cells\ArtikelTerkini->render()
#8 C:\xampp\htdocs\Lab7Web\system\View\Cell.php(104): CodeIgniter\View\Cell->renderSimpleClass(Object(App\Cells\ArtikelTerkini), 'render', Array, 'App\\Cells\\Artik...')
#9 C:\xampp\htdocs\Lab7Web\system\Common.php(1189): CodeIgniter\View\Cell->render('App\\Cells\\Artik...', Array, 0, 'AppCellsArtikel...')
#10 C:\xampp\htdocs\Lab7Web\app\Views\layout\main.php(25): view_cell('App\\Cells\\Artik...')
#11 C:\xampp\htdocs\Lab7Web\system\View\View.php(224): include('C:\\xampp\\htdocs...')
#12 C:\xampp\htdocs\Lab7Web\system\View\View.php(227): CodeIgniter\View\View->CodeIgniter\View\{closure}()
#13 C:\xampp\htdocs\Lab7Web\system\View\View.php(240): CodeIgniter\View\View->render('layout/main', Array, true)
#14 C:\xampp\htdocs\Lab7Web\system\Common.php(1173): CodeIgniter\View\View->render('welcome_message', Array, true)
#15 C:\xampp\htdocs\Lab7Web\app\Controllers\Home.php(9): view('welcome_message', Array)
#16 C:\xampp\htdocs\Lab7Web\system\CodeIgniter.php(933): App\Controllers\Home->index()
#17 C:\xampp\htdocs\Lab7Web\system\CodeIgniter.php(507): CodeIgniter\CodeIgniter->runController(Object(App\Controllers\Home))
#18 C:\xampp\htdocs\Lab7Web\system\CodeIgniter.php(354): CodeIgniter\CodeIgniter->handleRequest(NULL, Object(Config\Cache), false)
#19 C:\xampp\htdocs\Lab7Web\system\Boot.php(334): CodeIgniter\CodeIgniter->run()
#20 C:\xampp\htdocs\Lab7Web\system\Boot.php(67): CodeIgniter\Boot::runCodeIgniter(Object(CodeIgniter\CodeIgniter))
#21 C:\xampp\htdocs\Lab7Web\public\index.php(56): CodeIgniter\Boot::bootWeb(Object(Config\Paths))
#22 {main}
CRITICAL - 2025-06-06 04:25:38 --> CodeIgniter\Database\Exceptions\DatabaseException: Unknown column 'created_at' in 'order clause'
[Method: GET, Route: /]
in SYSTEMPATH\Database\BaseConnection.php on line 692.
 1 SYSTEMPATH\Database\BaseBuilder.php(1649): CodeIgniter\Database\BaseConnection->query('SELECT *
FROM `artikel`
ORDER BY `created_at` DESC
 LIMIT 5', [], false)
 2 SYSTEMPATH\Model.php(286): CodeIgniter\Database\BaseBuilder->get()
 3 SYSTEMPATH\BaseModel.php(675): CodeIgniter\Model->doFindAll(0, 0)
 4 APPPATH\Cells\ArtikelTerkini.php(12): CodeIgniter\BaseModel->findAll()
 5 SYSTEMPATH\View\Cell.php(283): App\Cells\ArtikelTerkini->render()
 6 SYSTEMPATH\View\Cell.php(104): CodeIgniter\View\Cell->renderSimpleClass(Object(App\Cells\ArtikelTerkini), 'render', [], 'App\\Cells\\ArtikelTerkini')
 7 SYSTEMPATH\Common.php(1189): CodeIgniter\View\Cell->render('App\\Cells\\ArtikelTerkini::render', [], 0, 'AppCellsArtikelTerkinirender40cd750bba9870f18aada2478b24840a')
 8 APPPATH\Views\layout\main.php(25): view_cell('App\\Cells\\ArtikelTerkini::render')
 9 SYSTEMPATH\View\View.php(224): include('C:\\xampp\\htdocs\\Lab7Web\\app\\Views\\layout\\main.php')
10 SYSTEMPATH\View\View.php(227): CodeIgniter\View\View->CodeIgniter\View\{closure}()
11 SYSTEMPATH\View\View.php(240): CodeIgniter\View\View->render('layout/main', [], true)
12 SYSTEMPATH\Common.php(1173): CodeIgniter\View\View->render('welcome_message', [], true)
13 APPPATH\Controllers\Home.php(9): view('welcome_message', [...])
14 SYSTEMPATH\CodeIgniter.php(933): App\Controllers\Home->index()
15 SYSTEMPATH\CodeIgniter.php(507): CodeIgniter\CodeIgniter->runController(Object(App\Controllers\Home))
16 SYSTEMPATH\CodeIgniter.php(354): CodeIgniter\CodeIgniter->handleRequest(null, Object(Config\Cache), false)
17 SYSTEMPATH\Boot.php(334): CodeIgniter\CodeIgniter->run()
18 SYSTEMPATH\Boot.php(67): CodeIgniter\Boot::runCodeIgniter(Object(CodeIgniter\CodeIgniter))
19 FCPATH\index.php(56): CodeIgniter\Boot::bootWeb(Object(Config\Paths))
CRITICAL - 2025-06-06 04:25:38 --> [Caused by] CodeIgniter\Database\Exceptions\DatabaseException: Unknown column 'created_at' in 'order clause'
in SYSTEMPATH\Database\MySQLi\Connection.php on line 332.
 1 SYSTEMPATH\Database\BaseConnection.php(738): CodeIgniter\Database\MySQLi\Connection->execute('SELECT *
FROM `artikel`
ORDER BY `created_at` DESC
 LIMIT 5')
 2 SYSTEMPATH\Database\BaseConnection.php(652): CodeIgniter\Database\BaseConnection->simpleQuery('SELECT *
FROM `artikel`
ORDER BY `created_at` DESC
 LIMIT 5')
 3 SYSTEMPATH\Database\BaseBuilder.php(1649): CodeIgniter\Database\BaseConnection->query('SELECT *
FROM `artikel`
ORDER BY `created_at` DESC
 LIMIT 5', [], false)
 4 SYSTEMPATH\Model.php(286): CodeIgniter\Database\BaseBuilder->get()
 5 SYSTEMPATH\BaseModel.php(675): CodeIgniter\Model->doFindAll(0, 0)
 6 APPPATH\Cells\ArtikelTerkini.php(12): CodeIgniter\BaseModel->findAll()
 7 SYSTEMPATH\View\Cell.php(283): App\Cells\ArtikelTerkini->render()
 8 SYSTEMPATH\View\Cell.php(104): CodeIgniter\View\Cell->renderSimpleClass(Object(App\Cells\ArtikelTerkini), 'render', [], 'App\\Cells\\ArtikelTerkini')
 9 SYSTEMPATH\Common.php(1189): CodeIgniter\View\Cell->render('App\\Cells\\ArtikelTerkini::render', [], 0, 'AppCellsArtikelTerkinirender40cd750bba9870f18aada2478b24840a')
10 APPPATH\Views\layout\main.php(25): view_cell('App\\Cells\\ArtikelTerkini::render')
11 SYSTEMPATH\View\View.php(224): include('C:\\xampp\\htdocs\\Lab7Web\\app\\Views\\layout\\main.php')
12 SYSTEMPATH\View\View.php(227): CodeIgniter\View\View->CodeIgniter\View\{closure}()
13 SYSTEMPATH\View\View.php(240): CodeIgniter\View\View->render('layout/main', [], true)
14 SYSTEMPATH\Common.php(1173): CodeIgniter\View\View->render('welcome_message', [], true)
15 APPPATH\Controllers\Home.php(9): view('welcome_message', [...])
16 SYSTEMPATH\CodeIgniter.php(933): App\Controllers\Home->index()
17 SYSTEMPATH\CodeIgniter.php(507): CodeIgniter\CodeIgniter->runController(Object(App\Controllers\Home))
18 SYSTEMPATH\CodeIgniter.php(354): CodeIgniter\CodeIgniter->handleRequest(null, Object(Config\Cache), false)
19 SYSTEMPATH\Boot.php(334): CodeIgniter\CodeIgniter->run()
20 SYSTEMPATH\Boot.php(67): CodeIgniter\Boot::runCodeIgniter(Object(CodeIgniter\CodeIgniter))
21 FCPATH\index.php(56): CodeIgniter\Boot::bootWeb(Object(Config\Paths))
CRITICAL - 2025-06-06 04:25:38 --> [Caused by] mysqli_sql_exception: Unknown column 'created_at' in 'order clause'
in SYSTEMPATH\Database\MySQLi\Connection.php on line 327.
 1 SYSTEMPATH\Database\MySQLi\Connection.php(327): mysqli->query('SELECT *
FROM `artikel`
ORDER BY `created_at` DESC
 LIMIT 5', 0)
 2 SYSTEMPATH\Database\BaseConnection.php(738): CodeIgniter\Database\MySQLi\Connection->execute('SELECT *
FROM `artikel`
ORDER BY `created_at` DESC
 LIMIT 5')
 3 SYSTEMPATH\Database\BaseConnection.php(652): CodeIgniter\Database\BaseConnection->simpleQuery('SELECT *
FROM `artikel`
ORDER BY `created_at` DESC
 LIMIT 5')
 4 SYSTEMPATH\Database\BaseBuilder.php(1649): CodeIgniter\Database\BaseConnection->query('SELECT *
FROM `artikel`
ORDER BY `created_at` DESC
 LIMIT 5', [], false)
 5 SYSTEMPATH\Model.php(286): CodeIgniter\Database\BaseBuilder->get()
 6 SYSTEMPATH\BaseModel.php(675): CodeIgniter\Model->doFindAll(0, 0)
 7 APPPATH\Cells\ArtikelTerkini.php(12): CodeIgniter\BaseModel->findAll()
 8 SYSTEMPATH\View\Cell.php(283): App\Cells\ArtikelTerkini->render()
 9 SYSTEMPATH\View\Cell.php(104): CodeIgniter\View\Cell->renderSimpleClass(Object(App\Cells\ArtikelTerkini), 'render', [], 'App\\Cells\\ArtikelTerkini')
10 SYSTEMPATH\Common.php(1189): CodeIgniter\View\Cell->render('App\\Cells\\ArtikelTerkini::render', [], 0, 'AppCellsArtikelTerkinirender40cd750bba9870f18aada2478b24840a')
11 APPPATH\Views\layout\main.php(25): view_cell('App\\Cells\\ArtikelTerkini::render')
12 SYSTEMPATH\View\View.php(224): include('C:\\xampp\\htdocs\\Lab7Web\\app\\Views\\layout\\main.php')
13 SYSTEMPATH\View\View.php(227): CodeIgniter\View\View->CodeIgniter\View\{closure}()
14 SYSTEMPATH\View\View.php(240): CodeIgniter\View\View->render('layout/main', [], true)
15 SYSTEMPATH\Common.php(1173): CodeIgniter\View\View->render('welcome_message', [], true)
16 APPPATH\Controllers\Home.php(9): view('welcome_message', [...])
17 SYSTEMPATH\CodeIgniter.php(933): App\Controllers\Home->index()
18 SYSTEMPATH\CodeIgniter.php(507): CodeIgniter\CodeIgniter->runController(Object(App\Controllers\Home))
19 SYSTEMPATH\CodeIgniter.php(354): CodeIgniter\CodeIgniter->handleRequest(null, Object(Config\Cache), false)
20 SYSTEMPATH\Boot.php(334): CodeIgniter\CodeIgniter->run()
21 SYSTEMPATH\Boot.php(67): CodeIgniter\Boot::runCodeIgniter(Object(CodeIgniter\CodeIgniter))
22 FCPATH\index.php(56): CodeIgniter\Boot::bootWeb(Object(Config\Paths))
CRITICAL - 2025-06-06 05:35:29 --> ErrorException: Undefined variable $kategoriList
[Method: GET, Route: /]
in APPPATH\Views\layout\main.php on line 33.
 1 APPPATH\Views\layout\main.php(33): CodeIgniter\Debug\Exceptions->errorHandler(2, 'Undefined variable $kategoriList', 'C:\\xampp\\htdocs\\Lab7Web\\app\\Views\\layout\\main.php', 33)
 2 SYSTEMPATH\View\View.php(224): include('C:\\xampp\\htdocs\\Lab7Web\\app\\Views\\layout\\main.php')
 3 SYSTEMPATH\View\View.php(227): CodeIgniter\View\View->CodeIgniter\View\{closure}()
 4 SYSTEMPATH\View\View.php(240): CodeIgniter\View\View->render('layout/main', [], true)
 5 SYSTEMPATH\Common.php(1173): CodeIgniter\View\View->render('welcome_message', [], true)
 6 APPPATH\Controllers\Home.php(9): view('welcome_message', [...])
 7 SYSTEMPATH\CodeIgniter.php(933): App\Controllers\Home->index()
 8 SYSTEMPATH\CodeIgniter.php(507): CodeIgniter\CodeIgniter->runController(Object(App\Controllers\Home))
 9 SYSTEMPATH\CodeIgniter.php(354): CodeIgniter\CodeIgniter->handleRequest(null, Object(Config\Cache), false)
10 SYSTEMPATH\Boot.php(334): CodeIgniter\CodeIgniter->run()
11 SYSTEMPATH\Boot.php(67): CodeIgniter\Boot::runCodeIgniter(Object(CodeIgniter\CodeIgniter))
12 FCPATH\index.php(56): CodeIgniter\Boot::bootWeb(Object(Config\Paths))
CRITICAL - 2025-06-06 05:36:00 --> ErrorException: Undefined variable $kategori
[Method: GET, Route: /]
in APPPATH\Views\layout\main.php on line 33.
 1 APPPATH\Views\layout\main.php(33): CodeIgniter\Debug\Exceptions->errorHandler(2, 'Undefined variable $kategori', 'C:\\xampp\\htdocs\\Lab7Web\\app\\Views\\layout\\main.php', 33)
 2 SYSTEMPATH\View\View.php(224): include('C:\\xampp\\htdocs\\Lab7Web\\app\\Views\\layout\\main.php')
 3 SYSTEMPATH\View\View.php(227): CodeIgniter\View\View->CodeIgniter\View\{closure}()
 4 SYSTEMPATH\View\View.php(240): CodeIgniter\View\View->render('layout/main', [], true)
 5 SYSTEMPATH\Common.php(1173): CodeIgniter\View\View->render('welcome_message', [], true)
 6 APPPATH\Controllers\Home.php(9): view('welcome_message', [...])
 7 SYSTEMPATH\CodeIgniter.php(933): App\Controllers\Home->index()
 8 SYSTEMPATH\CodeIgniter.php(507): CodeIgniter\CodeIgniter->runController(Object(App\Controllers\Home))
 9 SYSTEMPATH\CodeIgniter.php(354): CodeIgniter\CodeIgniter->handleRequest(null, Object(Config\Cache), false)
10 SYSTEMPATH\Boot.php(334): CodeIgniter\CodeIgniter->run()
11 SYSTEMPATH\Boot.php(67): CodeIgniter\Boot::runCodeIgniter(Object(CodeIgniter\CodeIgniter))
12 FCPATH\index.php(56): CodeIgniter\Boot::bootWeb(Object(Config\Paths))
CRITICAL - 2025-06-06 05:40:21 --> ErrorException: Undefined variable $kategoriList
[Method: GET, Route: /]
in APPPATH\Views\layout\main.php on line 33.
 1 APPPATH\Views\layout\main.php(33): CodeIgniter\Debug\Exceptions->errorHandler(2, 'Undefined variable $kategoriList', 'C:\\xampp\\htdocs\\Lab7Web\\app\\Views\\layout\\main.php', 33)
 2 SYSTEMPATH\View\View.php(224): include('C:\\xampp\\htdocs\\Lab7Web\\app\\Views\\layout\\main.php')
 3 SYSTEMPATH\View\View.php(227): CodeIgniter\View\View->CodeIgniter\View\{closure}()
 4 SYSTEMPATH\View\View.php(240): CodeIgniter\View\View->render('layout/main', [], true)
 5 SYSTEMPATH\Common.php(1173): CodeIgniter\View\View->render('welcome_message', [], true)
 6 APPPATH\Controllers\Home.php(9): view('welcome_message', [...])
 7 SYSTEMPATH\CodeIgniter.php(933): App\Controllers\Home->index()
 8 SYSTEMPATH\CodeIgniter.php(507): CodeIgniter\CodeIgniter->runController(Object(App\Controllers\Home))
 9 SYSTEMPATH\CodeIgniter.php(354): CodeIgniter\CodeIgniter->handleRequest(null, Object(Config\Cache), false)
10 SYSTEMPATH\Boot.php(334): CodeIgniter\CodeIgniter->run()
11 SYSTEMPATH\Boot.php(67): CodeIgniter\Boot::runCodeIgniter(Object(CodeIgniter\CodeIgniter))
12 FCPATH\index.php(56): CodeIgniter\Boot::bootWeb(Object(Config\Paths))
CRITICAL - 2025-06-06 05:42:23 --> ErrorException: Undefined variable $kategoriList
[Method: GET, Route: /]
in APPPATH\Views\layout\main.php on line 33.
 1 APPPATH\Views\layout\main.php(33): CodeIgniter\Debug\Exceptions->errorHandler(2, 'Undefined variable $kategoriList', 'C:\\xampp\\htdocs\\Lab7Web\\app\\Views\\layout\\main.php', 33)
 2 SYSTEMPATH\View\View.php(224): include('C:\\xampp\\htdocs\\Lab7Web\\app\\Views\\layout\\main.php')
 3 SYSTEMPATH\View\View.php(227): CodeIgniter\View\View->CodeIgniter\View\{closure}()
 4 SYSTEMPATH\View\View.php(240): CodeIgniter\View\View->render('layout/main', [], true)
 5 SYSTEMPATH\Common.php(1173): CodeIgniter\View\View->render('welcome_message', [], true)
 6 APPPATH\Controllers\Home.php(9): view('welcome_message', [...])
 7 SYSTEMPATH\CodeIgniter.php(933): App\Controllers\Home->index()
 8 SYSTEMPATH\CodeIgniter.php(507): CodeIgniter\CodeIgniter->runController(Object(App\Controllers\Home))
 9 SYSTEMPATH\CodeIgniter.php(354): CodeIgniter\CodeIgniter->handleRequest(null, Object(Config\Cache), false)
10 SYSTEMPATH\Boot.php(334): CodeIgniter\CodeIgniter->run()
11 SYSTEMPATH\Boot.php(67): CodeIgniter\Boot::runCodeIgniter(Object(CodeIgniter\CodeIgniter))
12 FCPATH\index.php(56): CodeIgniter\Boot::bootWeb(Object(Config\Paths))
CRITICAL - 2025-06-06 05:43:43 --> ErrorException: Undefined variable $kategoriList
[Method: GET, Route: /]
in APPPATH\Views\layout\main.php on line 33.
 1 APPPATH\Views\layout\main.php(33): CodeIgniter\Debug\Exceptions->errorHandler(2, 'Undefined variable $kategoriList', 'C:\\xampp\\htdocs\\Lab7Web\\app\\Views\\layout\\main.php', 33)
 2 SYSTEMPATH\View\View.php(224): include('C:\\xampp\\htdocs\\Lab7Web\\app\\Views\\layout\\main.php')
 3 SYSTEMPATH\View\View.php(227): CodeIgniter\View\View->CodeIgniter\View\{closure}()
 4 SYSTEMPATH\View\View.php(240): CodeIgniter\View\View->render('layout/main', [], true)
 5 SYSTEMPATH\Common.php(1173): CodeIgniter\View\View->render('welcome_message', [], true)
 6 APPPATH\Controllers\Home.php(9): view('welcome_message', [...])
 7 SYSTEMPATH\CodeIgniter.php(933): App\Controllers\Home->index()
 8 SYSTEMPATH\CodeIgniter.php(507): CodeIgniter\CodeIgniter->runController(Object(App\Controllers\Home))
 9 SYSTEMPATH\CodeIgniter.php(354): CodeIgniter\CodeIgniter->handleRequest(null, Object(Config\Cache), false)
10 SYSTEMPATH\Boot.php(334): CodeIgniter\CodeIgniter->run()
11 SYSTEMPATH\Boot.php(67): CodeIgniter\Boot::runCodeIgniter(Object(CodeIgniter\CodeIgniter))
12 FCPATH\index.php(56): CodeIgniter\Boot::bootWeb(Object(Config\Paths))
CRITICAL - 2025-06-06 05:50:04 --> ErrorException: compact(): Undefined variable $artikel
[Method: GET, Route: /]
in APPPATH\Controllers\Home.php on line 15.
 1 [internal function]: CodeIgniter\Debug\Exceptions->errorHandler(2, 'compact(): Undefined variable $artikel', 'C:\\xampp\\htdocs\\Lab7Web\\app\\Controllers\\Home.php', 15)
 2 APPPATH\Controllers\Home.php(15): compact('artikel', 'title')
 3 SYSTEMPATH\CodeIgniter.php(933): App\Controllers\Home->index()
 4 SYSTEMPATH\CodeIgniter.php(507): CodeIgniter\CodeIgniter->runController(Object(App\Controllers\Home))
 5 SYSTEMPATH\CodeIgniter.php(354): CodeIgniter\CodeIgniter->handleRequest(null, Object(Config\Cache), false)
 6 SYSTEMPATH\Boot.php(334): CodeIgniter\CodeIgniter->run()
 7 SYSTEMPATH\Boot.php(67): CodeIgniter\Boot::runCodeIgniter(Object(CodeIgniter\CodeIgniter))
 8 FCPATH\index.php(56): CodeIgniter\Boot::bootWeb(Object(Config\Paths))
CRITICAL - 2025-06-06 05:50:42 --> ErrorException: Undefined variable $kategoriList
[Method: GET, Route: /]
in APPPATH\Views\layout\main.php on line 33.
 1 APPPATH\Views\layout\main.php(33): CodeIgniter\Debug\Exceptions->errorHandler(2, 'Undefined variable $kategoriList', 'C:\\xampp\\htdocs\\Lab7Web\\app\\Views\\layout\\main.php', 33)
 2 SYSTEMPATH\View\View.php(224): include('C:\\xampp\\htdocs\\Lab7Web\\app\\Views\\layout\\main.php')
 3 SYSTEMPATH\View\View.php(227): CodeIgniter\View\View->CodeIgniter\View\{closure}()
 4 SYSTEMPATH\View\View.php(240): CodeIgniter\View\View->render('layout/main', [], true)
 5 SYSTEMPATH\Common.php(1173): CodeIgniter\View\View->render('welcome_message', [], true)
 6 APPPATH\Controllers\Home.php(9): view('welcome_message', [...])
 7 SYSTEMPATH\CodeIgniter.php(933): App\Controllers\Home->index()
 8 SYSTEMPATH\CodeIgniter.php(507): CodeIgniter\CodeIgniter->runController(Object(App\Controllers\Home))
 9 SYSTEMPATH\CodeIgniter.php(354): CodeIgniter\CodeIgniter->handleRequest(null, Object(Config\Cache), false)
10 SYSTEMPATH\Boot.php(334): CodeIgniter\CodeIgniter->run()
11 SYSTEMPATH\Boot.php(67): CodeIgniter\Boot::runCodeIgniter(Object(CodeIgniter\CodeIgniter))
12 FCPATH\index.php(56): CodeIgniter\Boot::bootWeb(Object(Config\Paths))
CRITICAL - 2025-06-06 05:54:01 --> ErrorException: Undefined variable $kategoriList
[Method: GET, Route: /]
in APPPATH\Views\layout\main.php on line 33.
 1 APPPATH\Views\layout\main.php(33): CodeIgniter\Debug\Exceptions->errorHandler(2, 'Undefined variable $kategoriList', 'C:\\xampp\\htdocs\\Lab7Web\\app\\Views\\layout\\main.php', 33)
 2 SYSTEMPATH\View\View.php(224): include('C:\\xampp\\htdocs\\Lab7Web\\app\\Views\\layout\\main.php')
 3 SYSTEMPATH\View\View.php(227): CodeIgniter\View\View->CodeIgniter\View\{closure}()
 4 SYSTEMPATH\View\View.php(240): CodeIgniter\View\View->render('layout/main', [], true)
 5 SYSTEMPATH\Common.php(1173): CodeIgniter\View\View->render('welcome_message', [], true)
 6 APPPATH\Controllers\Home.php(9): view('welcome_message', [...])
 7 SYSTEMPATH\CodeIgniter.php(933): App\Controllers\Home->index()
 8 SYSTEMPATH\CodeIgniter.php(507): CodeIgniter\CodeIgniter->runController(Object(App\Controllers\Home))
 9 SYSTEMPATH\CodeIgniter.php(354): CodeIgniter\CodeIgniter->handleRequest(null, Object(Config\Cache), false)
10 SYSTEMPATH\Boot.php(334): CodeIgniter\CodeIgniter->run()
11 SYSTEMPATH\Boot.php(67): CodeIgniter\Boot::runCodeIgniter(Object(CodeIgniter\CodeIgniter))
12 FCPATH\index.php(56): CodeIgniter\Boot::bootWeb(Object(Config\Paths))
CRITICAL - 2025-06-06 05:54:24 --> ErrorException: Undefined variable $kategoriList
[Method: GET, Route: /]
in APPPATH\Views\layout\main.php on line 33.
 1 APPPATH\Views\layout\main.php(33): CodeIgniter\Debug\Exceptions->errorHandler(2, 'Undefined variable $kategoriList', 'C:\\xampp\\htdocs\\Lab7Web\\app\\Views\\layout\\main.php', 33)
 2 SYSTEMPATH\View\View.php(224): include('C:\\xampp\\htdocs\\Lab7Web\\app\\Views\\layout\\main.php')
 3 SYSTEMPATH\View\View.php(227): CodeIgniter\View\View->CodeIgniter\View\{closure}()
 4 SYSTEMPATH\View\View.php(240): CodeIgniter\View\View->render('layout/main', [], true)
 5 SYSTEMPATH\Common.php(1173): CodeIgniter\View\View->render('welcome_message', [], true)
 6 APPPATH\Controllers\Home.php(9): view('welcome_message', [...])
 7 SYSTEMPATH\CodeIgniter.php(933): App\Controllers\Home->index()
 8 SYSTEMPATH\CodeIgniter.php(507): CodeIgniter\CodeIgniter->runController(Object(App\Controllers\Home))
 9 SYSTEMPATH\CodeIgniter.php(354): CodeIgniter\CodeIgniter->handleRequest(null, Object(Config\Cache), false)
10 SYSTEMPATH\Boot.php(334): CodeIgniter\CodeIgniter->run()
11 SYSTEMPATH\Boot.php(67): CodeIgniter\Boot::runCodeIgniter(Object(CodeIgniter\CodeIgniter))
12 FCPATH\index.php(56): CodeIgniter\Boot::bootWeb(Object(Config\Paths))
CRITICAL - 2025-06-06 05:55:39 --> ErrorException: Undefined variable $kategoriList
[Method: GET, Route: /]
in APPPATH\Views\layout\main.php on line 33.
 1 APPPATH\Views\layout\main.php(33): CodeIgniter\Debug\Exceptions->errorHandler(2, 'Undefined variable $kategoriList', 'C:\\xampp\\htdocs\\Lab7Web\\app\\Views\\layout\\main.php', 33)
 2 SYSTEMPATH\View\View.php(224): include('C:\\xampp\\htdocs\\Lab7Web\\app\\Views\\layout\\main.php')
 3 SYSTEMPATH\View\View.php(227): CodeIgniter\View\View->CodeIgniter\View\{closure}()
 4 SYSTEMPATH\View\View.php(240): CodeIgniter\View\View->render('layout/main', [], true)
 5 SYSTEMPATH\Common.php(1173): CodeIgniter\View\View->render('welcome_message', [], true)
 6 APPPATH\Controllers\Home.php(9): view('welcome_message', [...])
 7 SYSTEMPATH\CodeIgniter.php(933): App\Controllers\Home->index()
 8 SYSTEMPATH\CodeIgniter.php(507): CodeIgniter\CodeIgniter->runController(Object(App\Controllers\Home))
 9 SYSTEMPATH\CodeIgniter.php(354): CodeIgniter\CodeIgniter->handleRequest(null, Object(Config\Cache), false)
10 SYSTEMPATH\Boot.php(334): CodeIgniter\CodeIgniter->run()
11 SYSTEMPATH\Boot.php(67): CodeIgniter\Boot::runCodeIgniter(Object(CodeIgniter\CodeIgniter))
12 FCPATH\index.php(56): CodeIgniter\Boot::bootWeb(Object(Config\Paths))
CRITICAL - 2025-06-06 05:55:40 --> ErrorException: Undefined variable $kategoriList
[Method: GET, Route: /]
in APPPATH\Views\layout\main.php on line 33.
 1 APPPATH\Views\layout\main.php(33): CodeIgniter\Debug\Exceptions->errorHandler(2, 'Undefined variable $kategoriList', 'C:\\xampp\\htdocs\\Lab7Web\\app\\Views\\layout\\main.php', 33)
 2 SYSTEMPATH\View\View.php(224): include('C:\\xampp\\htdocs\\Lab7Web\\app\\Views\\layout\\main.php')
 3 SYSTEMPATH\View\View.php(227): CodeIgniter\View\View->CodeIgniter\View\{closure}()
 4 SYSTEMPATH\View\View.php(240): CodeIgniter\View\View->render('layout/main', [], true)
 5 SYSTEMPATH\Common.php(1173): CodeIgniter\View\View->render('welcome_message', [], true)
 6 APPPATH\Controllers\Home.php(9): view('welcome_message', [...])
 7 SYSTEMPATH\CodeIgniter.php(933): App\Controllers\Home->index()
 8 SYSTEMPATH\CodeIgniter.php(507): CodeIgniter\CodeIgniter->runController(Object(App\Controllers\Home))
 9 SYSTEMPATH\CodeIgniter.php(354): CodeIgniter\CodeIgniter->handleRequest(null, Object(Config\Cache), false)
10 SYSTEMPATH\Boot.php(334): CodeIgniter\CodeIgniter->run()
11 SYSTEMPATH\Boot.php(67): CodeIgniter\Boot::runCodeIgniter(Object(CodeIgniter\CodeIgniter))
12 FCPATH\index.php(56): CodeIgniter\Boot::bootWeb(Object(Config\Paths))
CRITICAL - 2025-06-06 05:55:41 --> ErrorException: Undefined variable $kategoriList
[Method: GET, Route: /]
in APPPATH\Views\layout\main.php on line 33.
 1 APPPATH\Views\layout\main.php(33): CodeIgniter\Debug\Exceptions->errorHandler(2, 'Undefined variable $kategoriList', 'C:\\xampp\\htdocs\\Lab7Web\\app\\Views\\layout\\main.php', 33)
 2 SYSTEMPATH\View\View.php(224): include('C:\\xampp\\htdocs\\Lab7Web\\app\\Views\\layout\\main.php')
 3 SYSTEMPATH\View\View.php(227): CodeIgniter\View\View->CodeIgniter\View\{closure}()
 4 SYSTEMPATH\View\View.php(240): CodeIgniter\View\View->render('layout/main', [], true)
 5 SYSTEMPATH\Common.php(1173): CodeIgniter\View\View->render('welcome_message', [], true)
 6 APPPATH\Controllers\Home.php(9): view('welcome_message', [...])
 7 SYSTEMPATH\CodeIgniter.php(933): App\Controllers\Home->index()
 8 SYSTEMPATH\CodeIgniter.php(507): CodeIgniter\CodeIgniter->runController(Object(App\Controllers\Home))
 9 SYSTEMPATH\CodeIgniter.php(354): CodeIgniter\CodeIgniter->handleRequest(null, Object(Config\Cache), false)
10 SYSTEMPATH\Boot.php(334): CodeIgniter\CodeIgniter->run()
11 SYSTEMPATH\Boot.php(67): CodeIgniter\Boot::runCodeIgniter(Object(CodeIgniter\CodeIgniter))
12 FCPATH\index.php(56): CodeIgniter\Boot::bootWeb(Object(Config\Paths))
CRITICAL - 2025-06-06 05:57:34 --> ErrorException: Undefined variable $artikel
[Method: GET, Route: artikel]
in APPPATH\Views\artikel\index.php on line 2.
 1 APPPATH\Views\artikel\index.php(2): CodeIgniter\Debug\Exceptions->errorHandler(2, 'Undefined variable $artikel', 'C:\\xampp\\htdocs\\Lab7Web\\app\\Views\\artikel\\index.php', 2)
 2 SYSTEMPATH\View\View.php(224): include('C:\\xampp\\htdocs\\Lab7Web\\app\\Views\\artikel\\index.php')
 3 SYSTEMPATH\View\View.php(227): CodeIgniter\View\View->CodeIgniter\View\{closure}()
 4 SYSTEMPATH\Common.php(1173): CodeIgniter\View\View->render('artikel/index', [], true)
 5 APPPATH\Controllers\Artikel.php(17): view('artikel/index', [...])
 6 SYSTEMPATH\CodeIgniter.php(933): App\Controllers\Artikel->index()
 7 SYSTEMPATH\CodeIgniter.php(507): CodeIgniter\CodeIgniter->runController(Object(App\Controllers\Artikel))
 8 SYSTEMPATH\CodeIgniter.php(354): CodeIgniter\CodeIgniter->handleRequest(null, Object(Config\Cache), false)
 9 SYSTEMPATH\Boot.php(334): CodeIgniter\CodeIgniter->run()
10 SYSTEMPATH\Boot.php(67): CodeIgniter\Boot::runCodeIgniter(Object(CodeIgniter\CodeIgniter))
11 FCPATH\index.php(56): CodeIgniter\Boot::bootWeb(Object(Config\Paths))
CRITICAL - 2025-06-06 05:58:14 --> ErrorException: Undefined variable $kategoriList
[Method: GET, Route: about]
in APPPATH\Views\layout\main.php on line 33.
 1 APPPATH\Views\layout\main.php(33): CodeIgniter\Debug\Exceptions->errorHandler(2, 'Undefined variable $kategoriList', 'C:\\xampp\\htdocs\\Lab7Web\\app\\Views\\layout\\main.php', 33)
 2 SYSTEMPATH\View\View.php(224): include('C:\\xampp\\htdocs\\Lab7Web\\app\\Views\\layout\\main.php')
 3 SYSTEMPATH\View\View.php(227): CodeIgniter\View\View->CodeIgniter\View\{closure}()
 4 SYSTEMPATH\View\View.php(240): CodeIgniter\View\View->render('layout/main', [], true)
 5 SYSTEMPATH\Common.php(1173): CodeIgniter\View\View->render('about', [], true)
 6 APPPATH\Controllers\Page.php(9): view('about', [...])
 7 SYSTEMPATH\CodeIgniter.php(933): App\Controllers\Page->about()
 8 SYSTEMPATH\CodeIgniter.php(507): CodeIgniter\CodeIgniter->runController(Object(App\Controllers\Page))
 9 SYSTEMPATH\CodeIgniter.php(354): CodeIgniter\CodeIgniter->handleRequest(null, Object(Config\Cache), false)
10 SYSTEMPATH\Boot.php(334): CodeIgniter\CodeIgniter->run()
11 SYSTEMPATH\Boot.php(67): CodeIgniter\Boot::runCodeIgniter(Object(CodeIgniter\CodeIgniter))
12 FCPATH\index.php(56): CodeIgniter\Boot::bootWeb(Object(Config\Paths))
CRITICAL - 2025-06-06 05:58:25 --> ErrorException: Undefined variable $kategoriList
[Method: GET, Route: contact]
in APPPATH\Views\layout\main.php on line 33.
 1 APPPATH\Views\layout\main.php(33): CodeIgniter\Debug\Exceptions->errorHandler(2, 'Undefined variable $kategoriList', 'C:\\xampp\\htdocs\\Lab7Web\\app\\Views\\layout\\main.php', 33)
 2 SYSTEMPATH\View\View.php(224): include('C:\\xampp\\htdocs\\Lab7Web\\app\\Views\\layout\\main.php')
 3 SYSTEMPATH\View\View.php(227): CodeIgniter\View\View->CodeIgniter\View\{closure}()
 4 SYSTEMPATH\View\View.php(240): CodeIgniter\View\View->render('layout/main', [], true)
 5 SYSTEMPATH\Common.php(1173): CodeIgniter\View\View->render('contact', [], true)
 6 APPPATH\Controllers\Page.php(16): view('contact', [...])
 7 SYSTEMPATH\CodeIgniter.php(933): App\Controllers\Page->contact()
 8 SYSTEMPATH\CodeIgniter.php(507): CodeIgniter\CodeIgniter->runController(Object(App\Controllers\Page))
 9 SYSTEMPATH\CodeIgniter.php(354): CodeIgniter\CodeIgniter->handleRequest(null, Object(Config\Cache), false)
10 SYSTEMPATH\Boot.php(334): CodeIgniter\CodeIgniter->run()
11 SYSTEMPATH\Boot.php(67): CodeIgniter\Boot::runCodeIgniter(Object(CodeIgniter\CodeIgniter))
12 FCPATH\index.php(56): CodeIgniter\Boot::bootWeb(Object(Config\Paths))
